<?xml version="1.0" encoding="UTF-8"?>
<coverage generated="1498015967366" clover="3.2.0">
  <project timestamp="1498015967366" name="All files">
    <metrics statements="46" coveredstatements="46" conditionals="18" coveredconditionals="18" methods="23" coveredmethods="23" elements="87" coveredelements="87" complexity="0" loc="46" ncloc="46" packages="4" files="4" classes="4">
      <package name="cipher">
        <metrics statements="11" coveredstatements="11" conditionals="4" coveredconditionals="4" methods="7" coveredmethods="7"/>
        <file name="cipher.js" path="/Users/lucachaves/code/github/ifpb/ls/exams/prova-ecma/code-response/cipher/cipher.js">
          <metrics statements="11" coveredstatements="11" conditionals="4" coveredconditionals="4" methods="7" coveredmethods="7"/>
          <line num="1" count="1" type="stmt"/>
          <line num="2" count="14" type="stmt"/>
          <line num="5" count="1" type="stmt"/>
          <line num="8" count="14" type="stmt"/>
          <line num="10" count="14" type="stmt"/>
          <line num="12" count="88" type="stmt"/>
          <line num="14" count="46" type="cond" truecount="2" falsecount="0"/>
          <line num="16" count="46" type="stmt"/>
          <line num="18" count="46" type="cond" truecount="2" falsecount="0"/>
          <line num="20" count="46" type="stmt"/>
          <line num="22" count="14" type="stmt"/>
        </file>
      </package>
      <package name="grade-school">
        <metrics statements="8" coveredstatements="8" conditionals="4" coveredconditionals="4" methods="4" coveredmethods="4"/>
        <file name="grade-school.js" path="/Users/lucachaves/code/github/ifpb/ls/exams/prova-ecma/code-response/grade-school/grade-school.js">
          <metrics statements="8" coveredstatements="8" conditionals="4" coveredconditionals="4" methods="4" coveredmethods="4"/>
          <line num="1" count="1" type="stmt"/>
          <line num="4" count="7" type="stmt"/>
          <line num="8" count="5" type="stmt"/>
          <line num="12" count="13" type="cond" truecount="2" falsecount="0"/>
          <line num="13" count="4" type="stmt"/>
          <line num="14" count="4" type="stmt"/>
          <line num="16" count="9" type="stmt"/>
          <line num="21" count="2" type="cond" truecount="2" falsecount="0"/>
        </file>
      </package>
      <package name="rna-transcription">
        <metrics statements="9" coveredstatements="9" conditionals="2" coveredconditionals="2" methods="4" coveredmethods="4"/>
        <file name="rna-transcription.js" path="/Users/lucachaves/code/github/ifpb/ls/exams/prova-ecma/code-response/rna-transcription/rna-transcription.js">
          <metrics statements="9" coveredstatements="9" conditionals="2" coveredconditionals="2" methods="4" coveredmethods="4"/>
          <line num="1" count="1" type="stmt"/>
          <line num="5" count="7" type="stmt"/>
          <line num="12" count="22" type="stmt"/>
          <line num="14" count="20" type="stmt"/>
          <line num="16" count="7" type="stmt"/>
          <line num="17" count="22" type="cond" truecount="2" falsecount="0"/>
          <line num="18" count="20" type="stmt"/>
          <line num="20" count="2" type="stmt"/>
          <line num="23" count="7" type="stmt"/>
        </file>
      </package>
      <package name="triangle">
        <metrics statements="18" coveredstatements="18" conditionals="8" coveredconditionals="8" methods="8" coveredmethods="8"/>
        <file name="triangle.js" path="/Users/lucachaves/code/github/ifpb/ls/exams/prova-ecma/code-response/triangle/triangle.js">
          <metrics statements="18" coveredstatements="18" conditionals="8" coveredconditionals="8" methods="8" coveredmethods="8"/>
          <line num="1" count="1" type="stmt"/>
          <line num="4" count="16" type="stmt"/>
          <line num="5" count="39" type="stmt"/>
          <line num="9" count="16" type="cond" truecount="2" falsecount="0"/>
          <line num="10" count="5" type="stmt"/>
          <line num="12" count="33" type="stmt"/>
          <line num="14" count="11" type="stmt"/>
          <line num="15" count="33" type="cond" truecount="2" falsecount="0"/>
          <line num="16" count="24" type="stmt"/>
          <line num="17" count="33" type="stmt"/>
          <line num="20" count="11" type="stmt"/>
          <line num="22" count="11" type="stmt"/>
          <line num="24" count="11" type="stmt"/>
          <line num="28" count="44" type="stmt"/>
          <line num="30" count="16" type="stmt"/>
          <line num="32" count="16" type="cond" truecount="2" falsecount="0"/>
          <line num="34" count="16" type="cond" truecount="2" falsecount="0"/>
          <line num="36" count="16" type="stmt"/>
        </file>
      </package>
    </metrics>
  </project>
</coverage>
