{"/Users/lucachaves/code/github/ifpb/ls/exams/prova-ecma/code-response/cipher/cipher.js": {"path":"/Users/lucachaves/code/github/ifpb/ls/exams/prova-ecma/code-response/cipher/cipher.js","statementMap":{"0":{"start":{"line":1,"column":0},"end":{"line":3,"column":1}},"1":{"start":{"line":2,"column":4},"end":{"line":2,"column":63}},"2":{"start":{"line":5,"column":0},"end":{"line":25,"column":1}},"3":{"start":{"line":8,"column":21},"end":{"line":8,"column":59}},"4":{"start":{"line":10,"column":22},"end":{"line":10,"column":47}},"5":{"start":{"line":12,"column":16},"end":{"line":12,"column":62}},"6":{"start":{"line":12,"column":24},"end":{"line":12,"column":62}},"7":{"start":{"line":14,"column":20},"end":{"line":14,"column":78}},"8":{"start":{"line":14,"column":28},"end":{"line":14,"column":78}},"9":{"start":{"line":16,"column":22},"end":{"line":16,"column":57}},"10":{"start":{"line":16,"column":30},"end":{"line":16,"column":57}},"11":{"start":{"line":18,"column":21},"end":{"line":18,"column":89}},"12":{"start":{"line":18,"column":38},"end":{"line":18,"column":89}},"13":{"start":{"line":20,"column":17},"end":{"line":20,"column":68}},"14":{"start":{"line":20,"column":34},"end":{"line":20,"column":68}},"15":{"start":{"line":22,"column":4},"end":{"line":22,"column":45}}},"fnMap":{"0":{"name":"(anonymous_0)","decl":{"start":{"line":1,"column":25},"end":{"line":1,"column":26}},"loc":{"start":{"line":1,"column":37},"end":{"line":3,"column":1}},"line":1},"1":{"name":"(anonymous_1)","decl":{"start":{"line":7,"column":2},"end":{"line":7,"column":3}},"loc":{"start":{"line":7,"column":19},"end":{"line":23,"column":2}},"line":7},"2":{"name":"(anonymous_2)","decl":{"start":{"line":12,"column":16},"end":{"line":12,"column":17}},"loc":{"start":{"line":12,"column":24},"end":{"line":12,"column":62}},"line":12},"3":{"name":"(anonymous_3)","decl":{"start":{"line":14,"column":20},"end":{"line":14,"column":21}},"loc":{"start":{"line":14,"column":28},"end":{"line":14,"column":78}},"line":14},"4":{"name":"(anonymous_4)","decl":{"start":{"line":16,"column":22},"end":{"line":16,"column":23}},"loc":{"start":{"line":16,"column":30},"end":{"line":16,"column":57}},"line":16},"5":{"name":"(anonymous_5)","decl":{"start":{"line":18,"column":21},"end":{"line":18,"column":22}},"loc":{"start":{"line":18,"column":38},"end":{"line":18,"column":89}},"line":18},"6":{"name":"(anonymous_6)","decl":{"start":{"line":20,"column":17},"end":{"line":20,"column":18}},"loc":{"start":{"line":20,"column":34},"end":{"line":20,"column":68}},"line":20}},"branchMap":{"0":{"loc":{"start":{"line":14,"column":28},"end":{"line":14,"column":78}},"type":"cond-expr","locations":[{"start":{"line":14,"column":47},"end":{"line":14,"column":71}},{"start":{"line":14,"column":74},"end":{"line":14,"column":78}}],"line":14},"1":{"loc":{"start":{"line":18,"column":38},"end":{"line":18,"column":89}},"type":"cond-expr","locations":[{"start":{"line":18,"column":64},"end":{"line":18,"column":82}},{"start":{"line":18,"column":85},"end":{"line":18,"column":89}}],"line":18}},"s":{"0":1,"1":14,"2":1,"3":14,"4":14,"5":14,"6":88,"7":14,"8":46,"9":14,"10":46,"11":14,"12":46,"13":14,"14":46,"15":14},"f":{"0":14,"1":14,"2":88,"3":46,"4":46,"5":46,"6":46},"b":{"0":[42,4],"1":[28,18]},"_coverageSchema":"332fd63041d2c1bcb487cc26dd0d5f7d97098a6c","hash":"f49b3f34da1baeaba63928f24389aeb75dbe7b43"}
,"/Users/lucachaves/code/github/ifpb/ls/exams/prova-ecma/code-response/grade-school/grade-school.js": {"path":"/Users/lucachaves/code/github/ifpb/ls/exams/prova-ecma/code-response/grade-school/grade-school.js","statementMap":{"0":{"start":{"line":1,"column":0},"end":{"line":23,"column":1}},"1":{"start":{"line":4,"column":4},"end":{"line":4,"column":20}},"2":{"start":{"line":8,"column":4},"end":{"line":8,"column":22}},"3":{"start":{"line":12,"column":4},"end":{"line":17,"column":5}},"4":{"start":{"line":13,"column":6},"end":{"line":13,"column":38}},"5":{"start":{"line":14,"column":6},"end":{"line":14,"column":31}},"6":{"start":{"line":16,"column":6},"end":{"line":16,"column":36}},"7":{"start":{"line":21,"column":4},"end":{"line":21,"column":55}}},"fnMap":{"0":{"name":"(anonymous_0)","decl":{"start":{"line":3,"column":2},"end":{"line":3,"column":3}},"loc":{"start":{"line":3,"column":16},"end":{"line":5,"column":3}},"line":3},"1":{"name":"(anonymous_1)","decl":{"start":{"line":7,"column":2},"end":{"line":7,"column":3}},"loc":{"start":{"line":7,"column":11},"end":{"line":9,"column":3}},"line":7},"2":{"name":"(anonymous_2)","decl":{"start":{"line":11,"column":2},"end":{"line":11,"column":3}},"loc":{"start":{"line":11,"column":22},"end":{"line":18,"column":3}},"line":11},"3":{"name":"(anonymous_3)","decl":{"start":{"line":20,"column":2},"end":{"line":20,"column":3}},"loc":{"start":{"line":20,"column":15},"end":{"line":22,"column":3}},"line":20}},"branchMap":{"0":{"loc":{"start":{"line":12,"column":4},"end":{"line":17,"column":5}},"type":"if","locations":[{"start":{"line":12,"column":4},"end":{"line":17,"column":5}},{"start":{"line":12,"column":4},"end":{"line":17,"column":5}}],"line":12},"1":{"loc":{"start":{"line":21,"column":11},"end":{"line":21,"column":55}},"type":"cond-expr","locations":[{"start":{"line":21,"column":32},"end":{"line":21,"column":50}},{"start":{"line":21,"column":53},"end":{"line":21,"column":55}}],"line":21}},"s":{"0":1,"1":7,"2":5,"3":13,"4":4,"5":4,"6":9,"7":2},"f":{"0":7,"1":5,"2":13,"3":2},"b":{"0":[4,9],"1":[1,1]},"_coverageSchema":"332fd63041d2c1bcb487cc26dd0d5f7d97098a6c","hash":"fb670631a028911f9421b2727aac5302901ba298"}
,"/Users/lucachaves/code/github/ifpb/ls/exams/prova-ecma/code-response/rna-transcription/rna-transcription.js": {"path":"/Users/lucachaves/code/github/ifpb/ls/exams/prova-ecma/code-response/rna-transcription/rna-transcription.js","statementMap":{"0":{"start":{"line":1,"column":0},"end":{"line":29,"column":1}},"1":{"start":{"line":5,"column":21},"end":{"line":10,"column":5}},"2":{"start":{"line":12,"column":16},"end":{"line":12,"column":76}},"3":{"start":{"line":12,"column":32},"end":{"line":12,"column":76}},"4":{"start":{"line":14,"column":24},"end":{"line":14,"column":62}},"5":{"start":{"line":14,"column":40},"end":{"line":14,"column":62}},"6":{"start":{"line":16,"column":20},"end":{"line":21,"column":5}},"7":{"start":{"line":17,"column":6},"end":{"line":20,"column":40}},"8":{"start":{"line":18,"column":8},"end":{"line":18,"column":40}},"9":{"start":{"line":20,"column":8},"end":{"line":20,"column":40}},"10":{"start":{"line":23,"column":4},"end":{"line":26,"column":15}}},"fnMap":{"0":{"name":"(anonymous_0)","decl":{"start":{"line":3,"column":2},"end":{"line":3,"column":3}},"loc":{"start":{"line":3,"column":13},"end":{"line":27,"column":3}},"line":3},"1":{"name":"(anonymous_1)","decl":{"start":{"line":12,"column":16},"end":{"line":12,"column":17}},"loc":{"start":{"line":12,"column":32},"end":{"line":12,"column":76}},"line":12},"2":{"name":"(anonymous_2)","decl":{"start":{"line":14,"column":24},"end":{"line":14,"column":25}},"loc":{"start":{"line":14,"column":40},"end":{"line":14,"column":62}},"line":14},"3":{"name":"(anonymous_3)","decl":{"start":{"line":16,"column":20},"end":{"line":16,"column":21}},"loc":{"start":{"line":16,"column":36},"end":{"line":21,"column":5}},"line":16}},"branchMap":{"0":{"loc":{"start":{"line":17,"column":6},"end":{"line":20,"column":40}},"type":"if","locations":[{"start":{"line":17,"column":6},"end":{"line":20,"column":40}},{"start":{"line":17,"column":6},"end":{"line":20,"column":40}}],"line":17}},"s":{"0":1,"1":7,"2":7,"3":22,"4":7,"5":20,"6":7,"7":22,"8":20,"9":2,"10":7},"f":{"0":7,"1":22,"2":20,"3":22},"b":{"0":[20,2]},"_coverageSchema":"332fd63041d2c1bcb487cc26dd0d5f7d97098a6c","hash":"80101ba8ddb0c5c9144f5ed0631eb04d15e12a86"}
,"/Users/lucachaves/code/github/ifpb/ls/exams/prova-ecma/code-response/triangle/triangle.js": {"path":"/Users/lucachaves/code/github/ifpb/ls/exams/prova-ecma/code-response/triangle/triangle.js","statementMap":{"0":{"start":{"line":1,"column":0},"end":{"line":38,"column":1}},"1":{"start":{"line":4,"column":4},"end":{"line":4,"column":38}},"2":{"start":{"line":5,"column":4},"end":{"line":5,"column":36}},"3":{"start":{"line":5,"column":30},"end":{"line":5,"column":35}},"4":{"start":{"line":9,"column":4},"end":{"line":10,"column":26}},"5":{"start":{"line":10,"column":6},"end":{"line":10,"column":26}},"6":{"start":{"line":12,"column":20},"end":{"line":12,"column":61}},"7":{"start":{"line":12,"column":39},"end":{"line":12,"column":61}},"8":{"start":{"line":14,"column":26},"end":{"line":18,"column":5}},"9":{"start":{"line":15,"column":6},"end":{"line":16,"column":26}},"10":{"start":{"line":16,"column":8},"end":{"line":16,"column":26}},"11":{"start":{"line":17,"column":6},"end":{"line":17,"column":17}},"12":{"start":{"line":20,"column":15},"end":{"line":20,"column":53}},"13":{"start":{"line":22,"column":16},"end":{"line":22,"column":55}},"14":{"start":{"line":24,"column":4},"end":{"line":24,"column":33}},"15":{"start":{"line":28,"column":21},"end":{"line":28,"column":37}},"16":{"start":{"line":28,"column":29},"end":{"line":28,"column":37}},"17":{"start":{"line":30,"column":28},"end":{"line":30,"column":56}},"18":{"start":{"line":32,"column":26},"end":{"line":32,"column":80}},"19":{"start":{"line":32,"column":35},"end":{"line":32,"column":80}},"20":{"start":{"line":34,"column":26},"end":{"line":34,"column":74}},"21":{"start":{"line":36,"column":4},"end":{"line":36,"column":26}}},"fnMap":{"0":{"name":"(anonymous_0)","decl":{"start":{"line":3,"column":2},"end":{"line":3,"column":3}},"loc":{"start":{"line":3,"column":35},"end":{"line":6,"column":3}},"line":3},"1":{"name":"(anonymous_1)","decl":{"start":{"line":5,"column":20},"end":{"line":5,"column":21}},"loc":{"start":{"line":5,"column":30},"end":{"line":5,"column":35}},"line":5},"2":{"name":"(anonymous_2)","decl":{"start":{"line":8,"column":2},"end":{"line":8,"column":3}},"loc":{"start":{"line":8,"column":9},"end":{"line":25,"column":3}},"line":8},"3":{"name":"(anonymous_3)","decl":{"start":{"line":12,"column":20},"end":{"line":12,"column":21}},"loc":{"start":{"line":12,"column":39},"end":{"line":12,"column":61}},"line":12},"4":{"name":"(anonymous_4)","decl":{"start":{"line":14,"column":26},"end":{"line":14,"column":27}},"loc":{"start":{"line":14,"column":45},"end":{"line":18,"column":5}},"line":14},"5":{"name":"(anonymous_5)","decl":{"start":{"line":27,"column":2},"end":{"line":27,"column":3}},"loc":{"start":{"line":27,"column":15},"end":{"line":37,"column":3}},"line":27},"6":{"name":"(anonymous_6)","decl":{"start":{"line":28,"column":21},"end":{"line":28,"column":22}},"loc":{"start":{"line":28,"column":29},"end":{"line":28,"column":37}},"line":28},"7":{"name":"(anonymous_7)","decl":{"start":{"line":32,"column":26},"end":{"line":32,"column":27}},"loc":{"start":{"line":32,"column":35},"end":{"line":32,"column":80}},"line":32}},"branchMap":{"0":{"loc":{"start":{"line":9,"column":4},"end":{"line":10,"column":26}},"type":"if","locations":[{"start":{"line":9,"column":4},"end":{"line":10,"column":26}},{"start":{"line":9,"column":4},"end":{"line":10,"column":26}}],"line":9},"1":{"loc":{"start":{"line":15,"column":6},"end":{"line":16,"column":26}},"type":"if","locations":[{"start":{"line":15,"column":6},"end":{"line":16,"column":26}},{"start":{"line":15,"column":6},"end":{"line":16,"column":26}}],"line":15},"2":{"loc":{"start":{"line":32,"column":35},"end":{"line":32,"column":80}},"type":"cond-expr","locations":[{"start":{"line":32,"column":68},"end":{"line":32,"column":72}},{"start":{"line":32,"column":75},"end":{"line":32,"column":80}}],"line":32},"3":{"loc":{"start":{"line":34,"column":26},"end":{"line":34,"column":74}},"type":"binary-expr","locations":[{"start":{"line":34,"column":26},"end":{"line":34,"column":53}},{"start":{"line":34,"column":57},"end":{"line":34,"column":74}}],"line":34}},"s":{"0":1,"1":16,"2":16,"3":39,"4":16,"5":5,"6":11,"7":33,"8":11,"9":33,"10":24,"11":33,"12":11,"13":11,"14":11,"15":16,"16":44,"17":16,"18":16,"19":16,"20":16,"21":16},"f":{"0":16,"1":39,"2":16,"3":33,"4":33,"5":16,"6":44,"7":16},"b":{"0":[5,11],"1":[24,9],"2":[11,5],"3":[16,11]},"_coverageSchema":"332fd63041d2c1bcb487cc26dd0d5f7d97098a6c","hash":"273f4e3c6bc3efa6ebfb3e180406201dd2dc6799"}
}
