TN:
SF:/Users/lucachaves/code/github/ifpb/ls/exams/prova-ecma/code-response/cipher/cipher.js
FN:1,(anonymous_0)
FN:7,(anonymous_1)
FN:12,(anonymous_2)
FN:14,(anonymous_3)
FN:16,(anonymous_4)
FN:18,(anonymous_5)
FN:20,(anonymous_6)
FNF:7
FNH:7
FNDA:14,(anonymous_0)
FNDA:14,(anonymous_1)
FNDA:88,(anonymous_2)
FNDA:46,(anonymous_3)
FNDA:46,(anonymous_4)
FNDA:46,(anonymous_5)
FNDA:46,(anonymous_6)
DA:1,1
DA:2,14
DA:5,1
DA:8,14
DA:10,14
DA:12,88
DA:14,46
DA:16,46
DA:18,46
DA:20,46
DA:22,14
LF:11
LH:11
BRDA:14,0,0,42
BRDA:14,0,1,4
BRDA:18,1,0,28
BRDA:18,1,1,18
BRF:4
BRH:4
end_of_record
TN:
SF:/Users/lucachaves/code/github/ifpb/ls/exams/prova-ecma/code-response/grade-school/grade-school.js
FN:3,(anonymous_0)
FN:7,(anonymous_1)
FN:11,(anonymous_2)
FN:20,(anonymous_3)
FNF:4
FNH:4
FNDA:7,(anonymous_0)
FNDA:5,(anonymous_1)
FNDA:13,(anonymous_2)
FNDA:2,(anonymous_3)
DA:1,1
DA:4,7
DA:8,5
DA:12,13
DA:13,4
DA:14,4
DA:16,9
DA:21,2
LF:8
LH:8
BRDA:12,0,0,4
BRDA:12,0,1,9
BRDA:21,1,0,1
BRDA:21,1,1,1
BRF:4
BRH:4
end_of_record
TN:
SF:/Users/lucachaves/code/github/ifpb/ls/exams/prova-ecma/code-response/rna-transcription/rna-transcription.js
FN:3,(anonymous_0)
FN:12,(anonymous_1)
FN:14,(anonymous_2)
FN:16,(anonymous_3)
FNF:4
FNH:4
FNDA:7,(anonymous_0)
FNDA:22,(anonymous_1)
FNDA:20,(anonymous_2)
FNDA:22,(anonymous_3)
DA:1,1
DA:5,7
DA:12,22
DA:14,20
DA:16,7
DA:17,22
DA:18,20
DA:20,2
DA:23,7
LF:9
LH:9
BRDA:17,0,0,20
BRDA:17,0,1,2
BRF:2
BRH:2
end_of_record
TN:
SF:/Users/lucachaves/code/github/ifpb/ls/exams/prova-ecma/code-response/triangle/triangle.js
FN:3,(anonymous_0)
FN:5,(anonymous_1)
FN:8,(anonymous_2)
FN:12,(anonymous_3)
FN:14,(anonymous_4)
FN:27,(anonymous_5)
FN:28,(anonymous_6)
FN:32,(anonymous_7)
FNF:8
FNH:8
FNDA:16,(anonymous_0)
FNDA:39,(anonymous_1)
FNDA:16,(anonymous_2)
FNDA:33,(anonymous_3)
FNDA:33,(anonymous_4)
FNDA:16,(anonymous_5)
FNDA:44,(anonymous_6)
FNDA:16,(anonymous_7)
DA:1,1
DA:4,16
DA:5,39
DA:9,16
DA:10,5
DA:12,33
DA:14,11
DA:15,33
DA:16,24
DA:17,33
DA:20,11
DA:22,11
DA:24,11
DA:28,44
DA:30,16
DA:32,16
DA:34,16
DA:36,16
LF:18
LH:18
BRDA:9,0,0,5
BRDA:9,0,1,11
BRDA:15,1,0,24
BRDA:15,1,1,9
BRDA:32,2,0,11
BRDA:32,2,1,5
BRDA:34,3,0,16
BRDA:34,3,1,11
BRF:8
BRH:8
end_of_record
